[debug] [2022-04-28T15:40:13.346Z] ----------------------------------------------------------------------
[debug] [2022-04-28T15:40:13.347Z] Command:       /usr/local/bin/node /usr/local/bin/firebase init hosting
[debug] [2022-04-28T15:40:13.348Z] CLI Version:   10.7.1
[debug] [2022-04-28T15:40:13.348Z] Platform:      darwin
[debug] [2022-04-28T15:40:13.348Z] Node Version:  v16.13.0
[debug] [2022-04-28T15:40:13.355Z] Time:          Thu Apr 28 2022 17:40:13 GMT+0200 (South Africa Standard Time)
[debug] [2022-04-28T15:40:13.355Z] ----------------------------------------------------------------------
[debug] 
[debug] [2022-04-28T15:40:13.445Z] > command requires scopes: ["email","openid","https://www.googleapis.com/auth/cloudplatformprojects.readonly","https://www.googleapis.com/auth/firebase","https://www.googleapis.com/auth/cloud-platform"]
[debug] [2022-04-28T15:40:13.445Z] > authorizing via signed-in user (twobutteredballs@gmail.com)
[info] 
     ######## #### ########  ######## ########     ###     ######  ########
     ##        ##  ##     ## ##       ##     ##  ##   ##  ##       ##
     ######    ##  ########  ######   ########  #########  ######  ######
     ##        ##  ##    ##  ##       ##     ## ##     ##       ## ##
     ##       #### ##     ## ######## ########  ##     ##  ######  ########

You're about to initialize a Firebase project in this directory:

  /Users/darrennienaber/Documents/repos/private/task-management-frontend

Before we get started, keep in mind:

  * You are initializing within an existing Firebase project directory

[info] 
=== Project Setup
[info] 
[info] First, let's associate this project directory with a Firebase project.
[info] You can create multiple project aliases by running firebase use --add, 
[info] but for now we'll just set up a default project.
[info] 
[debug] [2022-04-28T15:40:13.450Z] Using project from CLI flag: task-management-79b39
[debug] [2022-04-28T15:40:13.454Z] >>> [apiv2][query] GET https://firebase.googleapis.com/v1beta1/projects/task-management-79b39 [none]
[debug] [2022-04-28T15:40:15.150Z] <<< [apiv2][status] GET https://firebase.googleapis.com/v1beta1/projects/task-management-79b39 200
[debug] [2022-04-28T15:40:15.150Z] <<< [apiv2][body] GET https://firebase.googleapis.com/v1beta1/projects/task-management-79b39 {"projectId":"task-management-79b39","projectNumber":"35279789462","displayName":"Task Management","name":"projects/task-management-79b39","resources":{"hostingSite":"task-management-79b39"},"state":"ACTIVE"}
[info] i  Using project task-management-79b39 (Task Management) 
[info] 
=== Hosting Setup
[info] 
[info] Your public directory is the folder (relative to your project directory) that
[info] will contain Hosting assets to be uploaded with firebase deploy. If you
[info] have a build process for your assets, use your build's output directory.
[info] 
[debug] [2022-04-28T15:40:27.514Z] >>> [apiv2][query] GET https://www.gstatic.com/firebasejs/releases.json [none]
[debug] [2022-04-28T15:40:27.721Z] <<< [apiv2][status] GET https://www.gstatic.com/firebasejs/releases.json 200
[debug] [2022-04-28T15:40:27.721Z] <<< [apiv2][body] GET https://www.gstatic.com/firebasejs/releases.json {"current":{"version":"9.6.11","browserURL":"https://www.gstatic.com/firebasejs/9.6.11/firebase.js","packageURL":"https://www.gstatic.com/firebasejs/9.6.11/firebase.tgz"},"live":{"version":"9.6","browserURL":"https://www.gstatic.com/firebasejs/live/9.6/firebase.js","packageURL":"https://www.gstatic.com/firebasejs/live/9.6/firebase.tgz"},"components":{"analytics":"https://www.gstatic.com/firebasejs/9.6.11/firebase-analytics.js","app":"https://www.gstatic.com/firebasejs/9.6.11/firebase-app.js","app-check":"https://www.gstatic.com/firebasejs/9.6.11/firebase-app-check.js","auth":"https://www.gstatic.com/firebasejs/9.6.11/firebase-auth.js","auth/cordova":"https://www.gstatic.com/firebasejs/9.6.11/firebase-auth/cordova.js","auth/react-native":"https://www.gstatic.com/firebasejs/9.6.11/firebase-auth/react-native.js","functions":"https://www.gstatic.com/firebasejs/9.6.11/firebase-functions.js","firestore":"https://www.gstatic.com/firebasejs/9.6.11/firebase-firestore.js","firestore/lite":"https://www.gstatic.com/firebasejs/9.6.11/firebase-firestore/lite.js","storage":"https://www.gstatic.com/firebasejs/9.6.11/firebase-storage.js","performance":"https://www.gstatic.com/firebasejs/9.6.11/firebase-performance.js","remote-config":"https://www.gstatic.com/firebasejs/9.6.11/firebase-remote-config.js","messaging":"https://www.gstatic.com/firebasejs/9.6.11/firebase-messaging.js","messaging/sw":"https://www.gstatic.com/firebasejs/9.6.11/firebase-messaging/sw.js","database":"https://www.gstatic.com/firebasejs/9.6.11/firebase-database.js","firestore.memory":"https://www.gstatic.com/firebasejs/9.6.11/firebase-firestore.memory.js"}}
[info] ✔  Wrote dist/index.html 
[info] 
[info] i  Detected a .git folder at /Users/darrennienaber/Documents/repos/private/task-management-frontend 
[info] i  Authorizing with GitHub to upload your service account to a GitHub repository's secrets store. 
[info] 
[info] Visit this URL on this device to log in:
[info] https://github.com/login/oauth/authorize?client_id=89cf50f02ac6aaed3484&state=528394061&redirect_uri=http%3A%2F%2Flocalhost%3A9005&scope=read%3Auser%20repo%20public_repo
[info] 
[info] Waiting for authentication...
[debug] [2022-04-28T15:40:30.767Z] >>> HTTP REQUEST POST https://github.com/login/oauth/access_token  
 {"client_id":"89cf50f02ac6aaed3484","client_secret":"3330d14abc895d9a74d5f17cd7a00711fa2c5bf0","code":"f81223ceeb8ced6dd2ad","redirect_uri":"http://localhost:9005","state":"528394061"}
[debug] [2022-04-28T15:40:31.573Z] <<< HTTP RESPONSE 200 {"server":"GitHub.com","date":"Thu, 28 Apr 2022 15:40:32 GMT","content-type":"application/json; charset=utf-8","transfer-encoding":"chunked","vary":"X-PJAX, X-PJAX-Container, Accept-Encoding, Accept, X-Requested-With","permissions-policy":"interest-cohort=()","etag":"W/\"0e0bf112ad38cc0fb85b58ce3db82ba6\"","cache-control":"max-age=0, private, must-revalidate","strict-transport-security":"max-age=31536000; includeSubdomains; preload","x-frame-options":"deny","x-content-type-options":"nosniff","x-xss-protection":"0","referrer-policy":"origin-when-cross-origin, strict-origin-when-cross-origin","expect-ct":"max-age=2592000, report-uri=\"https://api.github.com/_private/browser/errors\"","content-security-policy":"default-src 'none'; base-uri 'self'; block-all-mixed-content; child-src github.com/assets-cdn/worker/ gist.github.com/assets-cdn/worker/; connect-src 'self' uploads.github.com objects-origin.githubusercontent.com www.githubstatus.com collector.github.com raw.githubusercontent.com api.github.com github-cloud.s3.amazonaws.com github-production-repository-file-5c1aeb.s3.amazonaws.com github-production-upload-manifest-file-7fdce7.s3.amazonaws.com github-production-user-asset-6210df.s3.amazonaws.com cdn.optimizely.com logx.optimizely.com/v1/events translator.github.com *.actions.githubusercontent.com wss://*.actions.githubusercontent.com online.visualstudio.com/api/v1/locations github-production-repository-image-32fea6.s3.amazonaws.com github-production-release-asset-2e65be.s3.amazonaws.com insights.github.com wss://alive.github.com; font-src github.githubassets.com; form-action 'self' github.com gist.github.com objects-origin.githubusercontent.com; frame-ancestors 'none'; frame-src render.githubusercontent.com viewscreen.githubusercontent.com notebooks.githubusercontent.com; img-src 'self' data: github.githubassets.com identicons.github.com github-cloud.s3.amazonaws.com secured-user-images.githubusercontent.com/ *.githubusercontent.com; manifest-src 'self'; media-src github.com user-images.githubusercontent.com/; script-src github.githubassets.com; style-src 'unsafe-inline' github.githubassets.com; worker-src github.com/assets-cdn/worker/ gist.github.com/assets-cdn/worker/","x-github-request-id":"CB69:10D3D:126C55:179647:626AB56F"}
[debug] [2022-04-28T15:40:31.577Z] >>> [apiv2][query] GET https://api.github.com/user [none]
[debug] [2022-04-28T15:40:32.550Z] <<< [apiv2][status] GET https://api.github.com/user 200
[debug] [2022-04-28T15:40:32.551Z] <<< [apiv2][body] GET https://api.github.com/user {"login":"Dazz563","id":58746026,"node_id":"MDQ6VXNlcjU4NzQ2MDI2","avatar_url":"https://avatars.githubusercontent.com/u/58746026?v=4","gravatar_id":"","url":"https://api.github.com/users/Dazz563","html_url":"https://github.com/Dazz563","followers_url":"https://api.github.com/users/Dazz563/followers","following_url":"https://api.github.com/users/Dazz563/following{/other_user}","gists_url":"https://api.github.com/users/Dazz563/gists{/gist_id}","starred_url":"https://api.github.com/users/Dazz563/starred{/owner}{/repo}","subscriptions_url":"https://api.github.com/users/Dazz563/subscriptions","organizations_url":"https://api.github.com/users/Dazz563/orgs","repos_url":"https://api.github.com/users/Dazz563/repos","events_url":"https://api.github.com/users/Dazz563/events{/privacy}","received_events_url":"https://api.github.com/users/Dazz563/received_events","type":"User","site_admin":false,"name":"Darren ","company":"PVT","blog":"","location":"Johannesburg, South Africa","email":null,"hireable":null,"bio":null,"twitter_username":null,"public_repos":23,"public_gists":0,"followers":0,"following":0,"created_at":"2019-12-10T18:14:23Z","updated_at":"2021-11-12T13:36:32Z","private_gists":0,"total_private_repos":3,"owned_private_repos":3,"disk_usage":68629,"collaborators":1,"two_factor_authentication":true,"plan":{"name":"free","space":976562499,"collaborators":0,"private_repos":10000}}
[info] 
[info] ✔  Success! Logged into GitHub as Dazz563 
[info] 
[debug] [2022-04-28T15:41:10.432Z] >>> [apiv2][query] GET https://api.github.com/repos/Dazz563/angular-task-management/actions/secrets/public-key type=owner
[debug] [2022-04-28T15:41:11.113Z] <<< [apiv2][status] GET https://api.github.com/repos/Dazz563/angular-task-management/actions/secrets/public-key 404
[debug] [2022-04-28T15:41:11.113Z] <<< [apiv2][body] GET https://api.github.com/repos/Dazz563/angular-task-management/actions/secrets/public-key {"message":"Not Found","documentation_url":"https://docs.github.com/rest/reference/actions#get-a-repository-public-key"}
